Build started 30/06/2014 20:44:34.
     1>Project "C:\Users\tal\Documents\Visual Studio 2010\Projects\Animator\animation\animation.vcxproj" on node 2 (build target(s)).
     1>C:\Windows\Microsoft.NET\Framework\v4.0.30319\Microsoft.Common.Targets(1605,5): warning MSB3088: Could not read state file "Debug\animation.vcxprojResolveAssemblyReference.cache". Exception has been thrown by the target of an invocation.
     1>InitializeBuildStatus:
         Creating "Debug\Animator.unsuccessfulbuild" because "AlwaysCreate" was specified.
       ClCompile:
         d:\Program Files (x86)\Microsoft Visual Studio 10.0\VC\bin\CL.exe /c /ZI /nologo /W3 /WX- /Od /Oy- /D WIN32 /D _DEBUG /D _CONSOLE /D _UNICODE /D UNICODE /Gm /EHsc /RTC1 /MDd /GS /fp:precise /Zc:wchar_t /Zc:forScope /Fo"Debug\\" /Fd"Debug\vc100.pdb" /Gd /TP /analyze- /errorReport:prompt Shape.cpp mainmenu.cpp point.cpp square.cpp
         mainmenu.cpp
         Generating Code...
         Skipping... (no relevant changes detected)
         square.cpp
         point.cpp
         Shape.cpp
       ManifestResourceCompile:
         All outputs are up-to-date.
       Link:
         d:\Program Files (x86)\Microsoft Visual Studio 10.0\VC\bin\link.exe /ERRORREPORT:PROMPT /OUT:"C:\Users\tal\Documents\Visual Studio 2010\Projects\Animator\Debug\Animator.exe" /INCREMENTAL /NOLOGO kernel32.lib user32.lib gdi32.lib winspool.lib comdlg32.lib advapi32.lib shell32.lib ole32.lib oleaut32.lib uuid.lib odbc32.lib odbccp32.lib /MANIFEST /ManifestFile:"Debug\Animator.exe.intermediate.manifest" /MANIFESTUAC:"level='asInvoker' uiAccess='false'" /DEBUG /PDB:"C:\Users\tal\Documents\Visual Studio 2010\Projects\Animator\Debug\Animator.pdb" /SUBSYSTEM:CONSOLE /TLBID:1 /DYNAMICBASE /NXCOMPAT /IMPLIB:"C:\Users\tal\Documents\Visual Studio 2010\Projects\Animator\Debug\Animator.lib" /MACHINE:X86 Debug\Animator.exe.embed.manifest.res
         Debug\Diamond.obj
         Debug\main.obj
         Debug\mainmenu.obj
         Debug\Offset.obj
         Debug\point.obj
         Debug\Screen.obj
         Debug\Shape.obj
         Debug\square.obj
       Manifest:
         c:\Program Files (x86)\Microsoft SDKs\Windows\v7.0A\bin\mt.exe /nologo /verbose /out:"Debug\Animator.exe.embed.manifest" /manifest Debug\Animator.exe.intermediate.manifest
         All outputs are up-to-date.
       LinkEmbedManifest:
         All outputs are up-to-date.
         animation.vcxproj -> C:\Users\tal\Documents\Visual Studio 2010\Projects\Animator\Debug\Animator.exe
       FinalizeBuildStatus:
         Deleting file "Debug\Animator.unsuccessfulbuild".
         Touching "Debug\Animator.lastbuildstate".
     1>Done Building Project "C:\Users\tal\Documents\Visual Studio 2010\Projects\Animator\animation\animation.vcxproj" (build target(s)).

Build succeeded.

Time Elapsed 00:00:16.85
